<?xml version="1.0" encoding="UTF-8"?>
<!-- Generated by org.testng.reporters.JUnitReportReporter -->
<testsuite hostname="DESKTOP-HLEFD1J" failures="0" tests="1" name="org.gravity.automation_framework.api.ApiTest" time="4.415" errors="0" timestamp="2025-02-16T19:35:19 IST" skipped="0">
  <testcase classname="org.gravity.automation_framework.api.ApiTest" name="testCreateUser" time="4.415"/>
  <system-out/>
</testsuite> <!-- org.gravity.automation_framework.api.ApiTest -->
